<?xml version="1.0" encoding="UTF-8"?>
<testng-results skipped="0" failed="0" ignored="0" total="1" passed="1">
  <reporter-output>
  </reporter-output>
  <suite name="Default suite" duration-ms="13593" started-at="2018-12-04T09:40:14Z" finished-at="2018-12-04T09:40:28Z">
    <groups>
    </groups>
    <test name="Default test" duration-ms="13593" started-at="2018-12-04T09:40:14Z" finished-at="2018-12-04T09:40:28Z">
      <class name="com.flipkart.testcases.Login_Test">
        <test-method status="PASS" signature="openBrowserAndApps()[pri:0, instance:com.flipkart.testcases.Login_Test@57baeedf]" name="openBrowserAndApps" is-config="true" duration-ms="9602" started-at="2018-12-04T09:40:14Z" finished-at="2018-12-04T09:40:24Z">
          <reporter-output>
          </reporter-output>
        </test-method> <!-- openBrowserAndApps -->
        <test-method status="PASS" signature="loginTest()[pri:0, instance:com.flipkart.testcases.Login_Test@57baeedf]" name="loginTest" is-config="true" duration-ms="3248" started-at="2018-12-04T09:40:24Z" finished-at="2018-12-04T09:40:27Z">
          <reporter-output>
          </reporter-output>
        </test-method> <!-- loginTest -->
        <test-method status="PASS" signature="login()[pri:0, instance:com.flipkart.testcases.Login_Test@57baeedf]" name="login" duration-ms="6" started-at="2018-12-04T09:40:27Z" finished-at="2018-12-04T09:40:27Z">
          <reporter-output>
          </reporter-output>
        </test-method> <!-- login -->
        <test-method status="PASS" signature="logoutFromApps()[pri:0, instance:com.flipkart.testcases.Login_Test@57baeedf]" name="logoutFromApps" is-config="true" duration-ms="0" started-at="2018-12-04T09:40:27Z" finished-at="2018-12-04T09:40:27Z">
          <reporter-output>
          </reporter-output>
        </test-method> <!-- logoutFromApps -->
        <test-method status="PASS" signature="closeBrowser()[pri:0, instance:com.flipkart.testcases.Login_Test@57baeedf]" name="closeBrowser" is-config="true" duration-ms="717" started-at="2018-12-04T09:40:27Z" finished-at="2018-12-04T09:40:28Z">
          <reporter-output>
          </reporter-output>
        </test-method> <!-- closeBrowser -->
      </class> <!-- com.flipkart.testcases.Login_Test -->
    </test> <!-- Default test -->
  </suite> <!-- Default suite -->
</testng-results>
